01-Oct-2019 17:15:12 +0530 [ERROR] (TestScriptResultLib.java:184) - Skipping as 'ScriptId' column is not present under TestScript.xls
01-Oct-2019 17:15:12 +0530 [ERROR] (InitTest.java:134) - Exception occured while setting dynamic testNG pattern
java.lang.RuntimeException: Automation marked as failed due to test failures, refer mailed Report.
	at io.gupshup.auto.init.InitTest.initTest(InitTest.java:130)
	at io.gupshup.auto.chatapp.test.Startup.main(Startup.java:21)
	at sun.reflect.NativeMethodAccessorImpl.invoke0(Native Method)
	at sun.reflect.NativeMethodAccessorImpl.invoke(NativeMethodAccessorImpl.java:62)
	at sun.reflect.DelegatingMethodAccessorImpl.invoke(DelegatingMethodAccessorImpl.java:43)
	at java.lang.reflect.Method.invoke(Method.java:498)
	at org.codehaus.mojo.exec.ExecJavaMojo$1.run(ExecJavaMojo.java:297)
	at java.lang.Thread.run(Thread.java:748)
